<?xml version="1.0" encoding="UTF-8"?>
<testsuite xmlns:xsi="http://www.w3.org/2001/XMLSchema-instance" xsi:noNamespaceSchemaLocation="https://maven.apache.org/surefire/maven-surefire-plugin/xsd/surefire-test-report-3.0.xsd" version="3.0" name="tests.DemoSet" time="17.438" tests="4" errors="0" skipped="0" failures="0">
  <properties>
    <property name="sun.desktop" value="windows"/>
    <property name="awt.toolkit" value="sun.awt.windows.WToolkit"/>
    <property name="java.specification.version" value="1.8"/>
    <property name="file.encoding.pkg" value="sun.io"/>
    <property name="webdriver.chrome.driver" value="./src/test/resources/chromedriver.exe"/>
    <property name="sun.cpu.isalist" value="amd64"/>
    <property name="sun.jnu.encoding" value="Cp1250"/>
    <property name="java.class.path" value="C:\Users\siemt\IdeaProjects\Kotlinium-master-IDM\target\test-classes;C:\Users\siemt\IdeaProjects\Kotlinium-master-IDM\target\classes;C:\Users\siemt\.m2\repository\com\google\code\gson\gson\2.8.7\gson-2.8.7.jar;C:\Users\siemt\.m2\repository\org\aspectj\aspectjweaver\1.9.5\aspectjweaver-1.9.5.jar;C:\Users\siemt\.m2\repository\org\seleniumhq\selenium\selenium-java\3.141.59\selenium-java-3.141.59.jar;C:\Users\siemt\.m2\repository\org\seleniumhq\selenium\selenium-api\3.141.59\selenium-api-3.141.59.jar;C:\Users\siemt\.m2\repository\org\seleniumhq\selenium\selenium-chrome-driver\3.141.59\selenium-chrome-driver-3.141.59.jar;C:\Users\siemt\.m2\repository\org\seleniumhq\selenium\selenium-edge-driver\3.141.59\selenium-edge-driver-3.141.59.jar;C:\Users\siemt\.m2\repository\org\seleniumhq\selenium\selenium-firefox-driver\3.141.59\selenium-firefox-driver-3.141.59.jar;C:\Users\siemt\.m2\repository\org\seleniumhq\selenium\selenium-ie-driver\3.141.59\selenium-ie-driver-3.141.59.jar;C:\Users\siemt\.m2\repository\org\seleniumhq\selenium\selenium-opera-driver\3.141.59\selenium-opera-driver-3.141.59.jar;C:\Users\siemt\.m2\repository\org\seleniumhq\selenium\selenium-remote-driver\3.141.59\selenium-remote-driver-3.141.59.jar;C:\Users\siemt\.m2\repository\org\seleniumhq\selenium\selenium-safari-driver\3.141.59\selenium-safari-driver-3.141.59.jar;C:\Users\siemt\.m2\repository\org\seleniumhq\selenium\selenium-support\3.141.59\selenium-support-3.141.59.jar;C:\Users\siemt\.m2\repository\net\bytebuddy\byte-buddy\1.8.15\byte-buddy-1.8.15.jar;C:\Users\siemt\.m2\repository\org\apache\commons\commons-exec\1.3\commons-exec-1.3.jar;C:\Users\siemt\.m2\repository\com\google\guava\guava\25.0-jre\guava-25.0-jre.jar;C:\Users\siemt\.m2\repository\com\google\code\findbugs\jsr305\1.3.9\jsr305-1.3.9.jar;C:\Users\siemt\.m2\repository\org\checkerframework\checker-compat-qual\2.0.0\checker-compat-qual-2.0.0.jar;C:\Users\siemt\.m2\repository\com\google\errorprone\error_prone_annotations\2.1.3\error_prone_annotations-2.1.3.jar;C:\Users\siemt\.m2\repository\com\google\j2objc\j2objc-annotations\1.1\j2objc-annotations-1.1.jar;C:\Users\siemt\.m2\repository\org\codehaus\mojo\animal-sniffer-annotations\1.14\animal-sniffer-annotations-1.14.jar;C:\Users\siemt\.m2\repository\com\squareup\okhttp3\okhttp\3.11.0\okhttp-3.11.0.jar;C:\Users\siemt\.m2\repository\com\squareup\okio\okio\1.14.0\okio-1.14.0.jar;C:\Users\siemt\.m2\repository\org\jetbrains\kotlin\kotlin-reflect\1.5.30-M1\kotlin-reflect-1.5.30-M1.jar;C:\Users\siemt\.m2\repository\org\jetbrains\kotlin\kotlin-stdlib\1.5.30-M1\kotlin-stdlib-1.5.30-M1.jar;C:\Users\siemt\.m2\repository\org\jetbrains\annotations\13.0\annotations-13.0.jar;C:\Users\siemt\.m2\repository\org\jetbrains\kotlin\kotlin-stdlib-common\1.5.30-M1\kotlin-stdlib-common-1.5.30-M1.jar;C:\Users\siemt\.m2\repository\org\junit\platform\junit-platform-surefire-provider\1.0.3\junit-platform-surefire-provider-1.0.3.jar;C:\Users\siemt\.m2\repository\org\apiguardian\apiguardian-api\1.0.0\apiguardian-api-1.0.0.jar;C:\Users\siemt\.m2\repository\org\junit\platform\junit-platform-launcher\1.0.3\junit-platform-launcher-1.0.3.jar;C:\Users\siemt\.m2\repository\org\apache\maven\surefire\surefire-api\2.19.1\surefire-api-2.19.1.jar;C:\Users\siemt\.m2\repository\org\apache\maven\surefire\common-java5\2.19.1\common-java5-2.19.1.jar;C:\Users\siemt\.m2\repository\org\jetbrains\kotlin\kotlin-stdlib-jdk8\1.5.30-M1\kotlin-stdlib-jdk8-1.5.30-M1.jar;C:\Users\siemt\.m2\repository\org\jetbrains\kotlin\kotlin-stdlib-jdk7\1.5.30-M1\kotlin-stdlib-jdk7-1.5.30-M1.jar;C:\Users\siemt\.m2\repository\org\junit\jupiter\junit-jupiter\5.8.0-RC1\junit-jupiter-5.8.0-RC1.jar;C:\Users\siemt\.m2\repository\org\junit\jupiter\junit-jupiter-api\5.8.0-RC1\junit-jupiter-api-5.8.0-RC1.jar;C:\Users\siemt\.m2\repository\org\junit\jupiter\junit-jupiter-params\5.8.0-RC1\junit-jupiter-params-5.8.0-RC1.jar;C:\Users\siemt\.m2\repository\org\junit\jupiter\junit-jupiter-engine\5.8.0-RC1\junit-jupiter-engine-5.8.0-RC1.jar;C:\Users\siemt\.m2\repository\org\junit\platform\junit-platform-engine\1.8.0-RC1\junit-platform-engine-1.8.0-RC1.jar;C:\Users\siemt\.m2\repository\org\opentest4j\opentest4j\1.2.0\opentest4j-1.2.0.jar;C:\Users\siemt\.m2\repository\org\junit\platform\junit-platform-commons\1.8.0-RC1\junit-platform-commons-1.8.0-RC1.jar;"/>
    <property name="kotlinium.static" value="false"/>
    <property name="java.vm.vendor" value="Amazon.com Inc."/>
    <property name="sun.arch.data.model" value="64"/>
    <property name="user.variant" value=""/>
    <property name="java.vendor.url" value="https://aws.amazon.com/corretto/"/>
    <property name="user.timezone" value="Europe/Belgrade"/>
    <property name="java.vm.specification.version" value="1.8"/>
    <property name="os.name" value="Windows 10"/>
    <property name="user.country" value="GB"/>
    <property name="sun.java.launcher" value="SUN_STANDARD"/>
    <property name="sun.boot.library.path" value="C:\Program Files\Java\jdk1.8.0_302\jre\bin"/>
    <property name="sun.java.command" value="C:\Users\siemt\AppData\Local\Temp\surefire8170444188854452142\surefirebooter3581437126885886192.jar C:\Users\siemt\AppData\Local\Temp\surefire8170444188854452142 2021-09-23T21-08-46_305-jvmRun1 surefire9061176760603468384tmp surefire_07281250434911934807tmp"/>
    <property name="webdriver.type" value="chrome"/>
    <property name="surefire.test.class.path" value="C:\Users\siemt\IdeaProjects\Kotlinium-master-IDM\target\test-classes;C:\Users\siemt\IdeaProjects\Kotlinium-master-IDM\target\classes;C:\Users\siemt\.m2\repository\com\google\code\gson\gson\2.8.7\gson-2.8.7.jar;C:\Users\siemt\.m2\repository\org\aspectj\aspectjweaver\1.9.5\aspectjweaver-1.9.5.jar;C:\Users\siemt\.m2\repository\org\seleniumhq\selenium\selenium-java\3.141.59\selenium-java-3.141.59.jar;C:\Users\siemt\.m2\repository\org\seleniumhq\selenium\selenium-api\3.141.59\selenium-api-3.141.59.jar;C:\Users\siemt\.m2\repository\org\seleniumhq\selenium\selenium-chrome-driver\3.141.59\selenium-chrome-driver-3.141.59.jar;C:\Users\siemt\.m2\repository\org\seleniumhq\selenium\selenium-edge-driver\3.141.59\selenium-edge-driver-3.141.59.jar;C:\Users\siemt\.m2\repository\org\seleniumhq\selenium\selenium-firefox-driver\3.141.59\selenium-firefox-driver-3.141.59.jar;C:\Users\siemt\.m2\repository\org\seleniumhq\selenium\selenium-ie-driver\3.141.59\selenium-ie-driver-3.141.59.jar;C:\Users\siemt\.m2\repository\org\seleniumhq\selenium\selenium-opera-driver\3.141.59\selenium-opera-driver-3.141.59.jar;C:\Users\siemt\.m2\repository\org\seleniumhq\selenium\selenium-remote-driver\3.141.59\selenium-remote-driver-3.141.59.jar;C:\Users\siemt\.m2\repository\org\seleniumhq\selenium\selenium-safari-driver\3.141.59\selenium-safari-driver-3.141.59.jar;C:\Users\siemt\.m2\repository\org\seleniumhq\selenium\selenium-support\3.141.59\selenium-support-3.141.59.jar;C:\Users\siemt\.m2\repository\net\bytebuddy\byte-buddy\1.8.15\byte-buddy-1.8.15.jar;C:\Users\siemt\.m2\repository\org\apache\commons\commons-exec\1.3\commons-exec-1.3.jar;C:\Users\siemt\.m2\repository\com\google\guava\guava\25.0-jre\guava-25.0-jre.jar;C:\Users\siemt\.m2\repository\com\google\code\findbugs\jsr305\1.3.9\jsr305-1.3.9.jar;C:\Users\siemt\.m2\repository\org\checkerframework\checker-compat-qual\2.0.0\checker-compat-qual-2.0.0.jar;C:\Users\siemt\.m2\repository\com\google\errorprone\error_prone_annotations\2.1.3\error_prone_annotations-2.1.3.jar;C:\Users\siemt\.m2\repository\com\google\j2objc\j2objc-annotations\1.1\j2objc-annotations-1.1.jar;C:\Users\siemt\.m2\repository\org\codehaus\mojo\animal-sniffer-annotations\1.14\animal-sniffer-annotations-1.14.jar;C:\Users\siemt\.m2\repository\com\squareup\okhttp3\okhttp\3.11.0\okhttp-3.11.0.jar;C:\Users\siemt\.m2\repository\com\squareup\okio\okio\1.14.0\okio-1.14.0.jar;C:\Users\siemt\.m2\repository\org\jetbrains\kotlin\kotlin-reflect\1.5.30-M1\kotlin-reflect-1.5.30-M1.jar;C:\Users\siemt\.m2\repository\org\jetbrains\kotlin\kotlin-stdlib\1.5.30-M1\kotlin-stdlib-1.5.30-M1.jar;C:\Users\siemt\.m2\repository\org\jetbrains\annotations\13.0\annotations-13.0.jar;C:\Users\siemt\.m2\repository\org\jetbrains\kotlin\kotlin-stdlib-common\1.5.30-M1\kotlin-stdlib-common-1.5.30-M1.jar;C:\Users\siemt\.m2\repository\org\junit\platform\junit-platform-surefire-provider\1.0.3\junit-platform-surefire-provider-1.0.3.jar;C:\Users\siemt\.m2\repository\org\apiguardian\apiguardian-api\1.0.0\apiguardian-api-1.0.0.jar;C:\Users\siemt\.m2\repository\org\junit\platform\junit-platform-launcher\1.0.3\junit-platform-launcher-1.0.3.jar;C:\Users\siemt\.m2\repository\org\apache\maven\surefire\surefire-api\2.19.1\surefire-api-2.19.1.jar;C:\Users\siemt\.m2\repository\org\apache\maven\surefire\common-java5\2.19.1\common-java5-2.19.1.jar;C:\Users\siemt\.m2\repository\org\jetbrains\kotlin\kotlin-stdlib-jdk8\1.5.30-M1\kotlin-stdlib-jdk8-1.5.30-M1.jar;C:\Users\siemt\.m2\repository\org\jetbrains\kotlin\kotlin-stdlib-jdk7\1.5.30-M1\kotlin-stdlib-jdk7-1.5.30-M1.jar;C:\Users\siemt\.m2\repository\org\junit\jupiter\junit-jupiter\5.8.0-RC1\junit-jupiter-5.8.0-RC1.jar;C:\Users\siemt\.m2\repository\org\junit\jupiter\junit-jupiter-api\5.8.0-RC1\junit-jupiter-api-5.8.0-RC1.jar;C:\Users\siemt\.m2\repository\org\junit\jupiter\junit-jupiter-params\5.8.0-RC1\junit-jupiter-params-5.8.0-RC1.jar;C:\Users\siemt\.m2\repository\org\junit\jupiter\junit-jupiter-engine\5.8.0-RC1\junit-jupiter-engine-5.8.0-RC1.jar;C:\Users\siemt\.m2\repository\org\junit\platform\junit-platform-engine\1.8.0-RC1\junit-platform-engine-1.8.0-RC1.jar;C:\Users\siemt\.m2\repository\org\opentest4j\opentest4j\1.2.0\opentest4j-1.2.0.jar;C:\Users\siemt\.m2\repository\org\junit\platform\junit-platform-commons\1.8.0-RC1\junit-platform-commons-1.8.0-RC1.jar;"/>
    <property name="sun.cpu.endian" value="little"/>
    <property name="user.home" value="C:\Users\siemt"/>
    <property name="user.language" value="en"/>
    <property name="java.specification.vendor" value="Oracle Corporation"/>
    <property name="screenshot.strategy" value="always"/>
    <property name="java.home" value="C:\Program Files\Java\jdk1.8.0_302\jre"/>
    <property name="basedir" value="C:\Users\siemt\IdeaProjects\Kotlinium-master-IDM"/>
    <property name="file.separator" value="\"/>
    <property name="line.separator" value="&#10;"/>
    <property name="tests" value="Demo"/>
    <property name="java.vm.specification.vendor" value="Oracle Corporation"/>
    <property name="java.specification.name" value="Java Platform API Specification"/>
    <property name="java.awt.graphicsenv" value="sun.awt.Win32GraphicsEnvironment"/>
    <property name="surefire.real.class.path" value="C:\Users\siemt\AppData\Local\Temp\surefire8170444188854452142\surefirebooter3581437126885886192.jar;C:\Users\siemt\.m2\repository/org/aspectj/aspectjweaver/1.9.5/aspectjweaver-1.9.5.jar"/>
    <property name="sun.boot.class.path" value="C:\Program Files\Java\jdk1.8.0_302\jre\lib\resources.jar;C:\Program Files\Java\jdk1.8.0_302\jre\lib\rt.jar;C:\Program Files\Java\jdk1.8.0_302\jre\lib\sunrsasign.jar;C:\Program Files\Java\jdk1.8.0_302\jre\lib\jsse.jar;C:\Program Files\Java\jdk1.8.0_302\jre\lib\jce.jar;C:\Program Files\Java\jdk1.8.0_302\jre\lib\charsets.jar;C:\Program Files\Java\jdk1.8.0_302\jre\lib\jfr.jar;C:\Program Files\Java\jdk1.8.0_302\jre\classes"/>
    <property name="user.script" value=""/>
    <property name="sun.management.compiler" value="HotSpot 64-Bit Tiered Compilers"/>
    <property name="java.runtime.version" value="1.8.0_302-b08"/>
    <property name="user.name" value="siemt"/>
    <property name="path.separator" value=";"/>
    <property name="os.version" value="10.0"/>
    <property name="java.endorsed.dirs" value="C:\Program Files\Java\jdk1.8.0_302\jre\lib\endorsed"/>
    <property name="java.runtime.name" value="OpenJDK Runtime Environment"/>
    <property name="file.encoding" value="Cp1250"/>
    <property name="java.vm.name" value="OpenJDK 64-Bit Server VM"/>
    <property name="localRepository" value="C:\Users\siemt\.m2\repository"/>
    <property name="java.vendor.url.bug" value="https://github.com/corretto/corretto-8/issues/"/>
    <property name="java.io.tmpdir" value="C:\Users\siemt\AppData\Local\Temp\"/>
    <property name="idea.version" value="2021.2"/>
    <property name="java.version" value="1.8.0_302"/>
    <property name="user.dir" value="C:\Users\siemt\IdeaProjects\Kotlinium-master-IDM"/>
    <property name="os.arch" value="amd64"/>
    <property name="java.vm.specification.name" value="Java Virtual Machine Specification"/>
    <property name="java.awt.printerjob" value="sun.awt.windows.WPrinterJob"/>
    <property name="sun.os.patch.level" value=""/>
    <property name="environment" value="https://www.google.com"/>
    <property name="java.library.path" value="C:\Program Files\Java\jdk1.8.0_302\jre\bin;C:\WINDOWS\Sun\Java\bin;C:\WINDOWS\system32;C:\WINDOWS;C:\Python39\Scripts\;C:\Python39\;C:\Program Files (x86)\Common Files\Oracle\Java\javapath;C:\Program Files\nodejs;C:\Program Files\Git\bin\;C:\Program Files\Git\cmd\;C:\WINDOWS\system32\WindowsPowerShell\v1.0\powershell.exe;C:\WINDOWS\system32;C:\WINDOWS;C:\WINDOWS\System32\Wbem;C:\WINDOWS\System32\WindowsPowerShell\v1.0\;C:\WINDOWS\System32\OpenSSH\;C:\Program Files\nodejs\;C:\ProgramData\chocolatey\bin;C:\WINDOWS\system32\WindowsPowerShell\v1.0\powershell.exe;C:\Users\siemt\AppData\Local\Microsoft\WindowsApps;;C:\Users\siemt\AppData\Local\Programs\Fiddler;C:\Users\siemt\AppData\Local\Programs\Microsoft VS Code\bin;C:\Users\siemt\AppData\Roaming\npm;%USERPROFILE%\AppData\Local\Microsoft\WindowsApps;."/>
    <property name="java.vm.info" value="mixed mode"/>
    <property name="java.vendor" value="Amazon.com Inc."/>
    <property name="java.vm.version" value="25.302-b08"/>
    <property name="java.ext.dirs" value="C:\Program Files\Java\jdk1.8.0_302\jre\lib\ext;C:\WINDOWS\Sun\Java\lib\ext"/>
    <property name="sun.io.unicode.encoding" value="UnicodeLittle"/>
    <property name="java.class.version" value="52.0"/>
  </properties>
  <testcase name="user can search for words and press enter to search" classname="tests.DemoSet" time="4.572"/>
  <testcase name="user can search for words and press button to search{String, String}[1]" classname="tests.DemoSet" time="3.8"/>
  <testcase name="user can search for words and press button to search{String, String}[2]" classname="tests.DemoSet" time="3.015"/>
  <testcase name="user can search for words and press button to search{String, String}[3]" classname="tests.DemoSet" time="2.782"/>
</testsuite>